2026-07-22T09:18:17Z INF Thank you for trying Cloudflare Tunnel. Doing so, without a Cloudflare account, is a quick way to experiment and try it out. However, be aware that these account-less Tunnels have no uptime guarantee, are subject to the Cloudflare Online Services Terms of Use (https://www.cloudflare.com/website-terms/), and Cloudflare reserves the right to investigate your use of Tunnels for violations of such terms. If you intend to use Tunnels in production you should use a pre-created named tunnel by following: https://developers.cloudflare.com/cloudflare-one/connections/connect-apps
2026-07-22T09:18:17Z INF Requesting new quick Tunnel on trycloudflare.com...
2026-07-22T09:18:22Z INF +--------------------------------------------------------------------------------------------+
2026-07-22T09:18:22Z INF |  Your quick Tunnel has been created! Visit it at (it may take some time to be reachable):  |
2026-07-22T09:18:22Z INF |  https://holiday-multiple-ceo-immediately.trycloudflare.com                                |
2026-07-22T09:18:22Z INF +--------------------------------------------------------------------------------------------+
2026-07-22T09:18:22Z INF Version 2026.7.2 (Checksum cdb5d4432f6ae1595654a692a51308b69d2bf7af961f5578d9391837cf072df9)
2026-07-22T09:18:22Z INF GOOS: windows, GOVersion: go1.26.4, GoArch: amd64
2026-07-22T09:18:22Z INF Settings: map[ha-connections:1 protocol:quic url:http://localhost:5000]
2026-07-22T09:18:22Z INF cloudflared will not automatically update on Windows systems.
2026-07-22T09:18:22Z INF Generated Connector ID: 4560ab4f-e5b6-4ed6-9b0f-f581a03739e3
2026-07-22T09:18:23Z INF Initial protocol quic
2026-07-22T09:18:23Z INF ICMP proxy will use 10.111.82.147 as source for IPv4
2026-07-22T09:18:23Z INF ICMP proxy will use 2409:40c2:1007:4045:332b:76a6:e78b:6817 in zone Wi-Fi as source for IPv6
2026-07-22T09:18:23Z INF cloudflared does not support loading the system root certificate pool on Windows. Please use --origin-ca-pool <PATH> to specify the path to the certificate pool
2026-07-22T09:18:23Z INF ICMP proxy will use 10.111.82.147 as source for IPv4
2026-07-22T09:18:23Z INF Tunnel connection curve preferences: [X25519MLKEM768 CurveID(65074) CurveP256] connIndex=0 event=0 ip=2606:4700:a0::4
2026-07-22T09:18:23Z INF ICMP proxy will use 2409:40c2:1007:4045:332b:76a6:e78b:6817 in zone Wi-Fi as source for IPv6
2026-07-22T09:18:23Z INF Starting metrics server on 127.0.0.1:20241/metrics
2026-07-22T09:18:23Z INF Registered tunnel connection connIndex=0 connection=88972997-98a1-4e55-bc89-149738e7796c event=0 ip=2606:4700:a0::4 location=bom04 protocol=quic
2026-07-22T09:18:26Z INF +-------------------------------------------------------------------------------------+
2026-07-22T09:18:26Z INF |                               CONNECTIVITY PRE-CHECKS                               |
2026-07-22T09:18:26Z INF +-------------------------------------------------------------------------------------+
2026-07-22T09:18:26Z INF |  COMPONENT         TARGET                     STATUS  DETAILS                       |
2026-07-22T09:18:26Z INF |  DNS Resolution    region1.v2.argotunnel.com  PASS    DNS Resolved successfully     |
2026-07-22T09:18:26Z INF |  DNS Resolution    region2.v2.argotunnel.com  PASS    DNS Resolved successfully     |
2026-07-22T09:18:26Z INF |  UDP Connectivity  region1.v2.argotunnel.com  PASS    QUIC connection successful    |
2026-07-22T09:18:26Z INF |  UDP Connectivity  region2.v2.argotunnel.com  PASS    QUIC connection successful    |
2026-07-22T09:18:26Z INF |  TCP Connectivity  region1.v2.argotunnel.com  PASS    HTTP/2 connection successful  |
2026-07-22T09:18:26Z INF |  TCP Connectivity  region2.v2.argotunnel.com  PASS    HTTP/2 connection successful  |
2026-07-22T09:18:26Z INF |  Cloudflare API    api.cloudflare.com:443     PASS    API is reachable              |
2026-07-22T09:18:26Z INF |                                                                                     |
2026-07-22T09:18:26Z INF |  SUMMARY: Environment is healthy. cloudflared will use 'quic' as primary protocol.  |
2026-07-22T09:18:26Z INF +-------------------------------------------------------------------------------------+
2026-07-22T09:18:26Z INF precheck component="DNS Resolution" details="DNS Resolved successfully" run_id=ae6ee1f7-3c4a-48a8-bfed-3c8053d9377f status=pass target=region1.v2.argotunnel.com
2026-07-22T09:18:26Z INF precheck component="DNS Resolution" details="DNS Resolved successfully" run_id=ae6ee1f7-3c4a-48a8-bfed-3c8053d9377f status=pass target=region2.v2.argotunnel.com
2026-07-22T09:18:26Z INF precheck component="UDP Connectivity" details="QUIC connection successful" run_id=ae6ee1f7-3c4a-48a8-bfed-3c8053d9377f status=pass target=region1.v2.argotunnel.com
2026-07-22T09:18:26Z INF precheck component="UDP Connectivity" details="QUIC connection successful" run_id=ae6ee1f7-3c4a-48a8-bfed-3c8053d9377f status=pass target=region2.v2.argotunnel.com
2026-07-22T09:18:26Z INF precheck component="TCP Connectivity" details="HTTP/2 connection successful" run_id=ae6ee1f7-3c4a-48a8-bfed-3c8053d9377f status=pass target=region1.v2.argotunnel.com
2026-07-22T09:18:26Z INF precheck component="TCP Connectivity" details="HTTP/2 connection successful" run_id=ae6ee1f7-3c4a-48a8-bfed-3c8053d9377f status=pass target=region2.v2.argotunnel.com
2026-07-22T09:18:26Z INF precheck component="Cloudflare API" details="API is reachable" run_id=ae6ee1f7-3c4a-48a8-bfed-3c8053d9377f status=pass target=api.cloudflare.com:443
2026-07-22T09:18:26Z INF precheck complete hard_fail=false run_id=ae6ee1f7-3c4a-48a8-bfed-3c8053d9377f suggested_protocol=quic
2026-07-22T09:25:19Z ERR failed to accept incoming stream requests error="failed to accept QUIC stream: write udp [::]:49746->[2606:4700:a0::4]:7844: wsasendto: A socket operation was attempted to an unreachable network." connIndex=0 event=0 ip=2606:4700:a0::4
2026-07-22T09:25:19Z ERR failed to run the datagram handler error="write udp [::]:49746->[2606:4700:a0::4]:7844: wsasendto: A socket operation was attempted to an unreachable network." connIndex=0 event=0 ip=2606:4700:a0::4
2026-07-22T09:25:20Z ERR failed to serve tunnel connection error="accept stream listener encountered a failure while serving" connIndex=0 event=0 ip=2606:4700:a0::4
2026-07-22T09:25:20Z ERR Serve tunnel error error="accept stream listener encountered a failure while serving" connIndex=0 event=0 ip=2606:4700:a0::4
2026-07-22T09:25:20Z INF Retrying connection in up to 1s connIndex=0 event=0 ip=2606:4700:a0::4
2026-07-22T09:25:22Z INF Tunnel connection curve preferences: [X25519MLKEM768 CurveID(65074) CurveP256] connIndex=0 event=0 ip=2606:4700:a0::4
2026-07-22T09:25:22Z INF Registered tunnel connection connIndex=0 connection=f0817cda-1dd4-42ae-a5cf-d1cd44bdb2a5 event=0 ip=2606:4700:a0::4 location=bom04 protocol=quic
2026-07-22T09:35:24Z ERR failed to accept incoming stream requests error="failed to accept QUIC stream: timeout: no recent network activity" connIndex=0 event=0 ip=2606:4700:a0::4
2026-07-22T09:35:24Z ERR failed to run the datagram handler error="timeout: no recent network activity" connIndex=0 event=0 ip=2606:4700:a0::4
2026-07-22T09:35:24Z ERR failed to serve tunnel connection error="accept stream listener encountered a failure while serving" connIndex=0 event=0 ip=2606:4700:a0::4
2026-07-22T09:35:24Z ERR Serve tunnel error error="accept stream listener encountered a failure while serving" connIndex=0 event=0 ip=2606:4700:a0::4
2026-07-22T09:35:24Z INF Retrying connection in up to 1s connIndex=0 event=0 ip=2606:4700:a0::4
2026-07-22T09:35:26Z INF Tunnel connection curve preferences: [X25519MLKEM768 CurveID(65074) CurveP256] connIndex=0 event=0 ip=2606:4700:a0::4
2026-07-22T09:35:26Z INF Registered tunnel connection connIndex=0 connection=db75b0ce-a3d6-4e1d-afec-967588c46cb4 event=0 ip=2606:4700:a0::4 location=bom04 protocol=quic
